app/build/intermediates/manifest_merge_blame_file/debug/manifest-merger-blame-debug-report.txt
1<?xml version="1.0" encoding="utf-8"?>
2<manifest xmlns:android="http://schemas.android.com/apk/res/android"
3    package="com.yiheonline.qcloud.xiaozhibo"
4    android:versionCode="1"
5    android:versionName="v1.0" >
6
7    <uses-sdk
8        android:minSdkVersion="21"
8-->src\main\AndroidManifest.xml
9        android:targetSdkVersion="28" />
9-->src\main\AndroidManifest.xml
10
11    <uses-permission android:name="android.permission.INTERNET" />
11-->src\main\AndroidManifest.xml:5:5-67
11-->src\main\AndroidManifest.xml:5:22-64
12    <uses-permission android:name="android.permission.ACCESS_NETWORK_STATE" />
12-->src\main\AndroidManifest.xml:6:5-79
12-->src\main\AndroidManifest.xml:6:22-76
13    <uses-permission android:name="android.permission.ACCESS_WIFI_STATE" />
13-->src\main\AndroidManifest.xml:7:5-76
13-->src\main\AndroidManifest.xml:7:22-73
14    <uses-permission android:name="android.permission.READ_PHONE_STATE" />
14-->src\main\AndroidManifest.xml:8:5-75
14-->src\main\AndroidManifest.xml:8:22-72
15    <uses-permission android:name="android.permission.CALL_PHONE" />
15-->src\main\AndroidManifest.xml:9:5-69
15-->src\main\AndroidManifest.xml:9:22-66
16    <uses-permission android:name="android.permission.WRITE_EXTERNAL_STORAGE" />
16-->src\main\AndroidManifest.xml:10:5-81
16-->src\main\AndroidManifest.xml:10:22-78
17    <uses-permission android:name="android.permission.READ_EXTERNAL_STORAGE" />
17-->src\main\AndroidManifest.xml:11:5-80
17-->src\main\AndroidManifest.xml:11:22-77
18    <uses-permission android:name="android.permission.RECORD_AUDIO" />
18-->src\main\AndroidManifest.xml:12:5-71
18-->src\main\AndroidManifest.xml:12:22-68
19    <uses-permission android:name="android.permission.CAMERA" />
19-->src\main\AndroidManifest.xml:13:5-65
19-->src\main\AndroidManifest.xml:13:22-62
20    <uses-permission android:name="android.permission.READ_CONTACTS" />
20-->src\main\AndroidManifest.xml:14:5-72
20-->src\main\AndroidManifest.xml:14:22-69
21
22    <uses-feature android:name="android.hardware.camera" />
22-->src\main\AndroidManifest.xml:16:5-60
22-->src\main\AndroidManifest.xml:16:19-57
23    <uses-feature android:name="android.hardware.camera.autofocus" />
23-->src\main\AndroidManifest.xml:17:5-70
23-->src\main\AndroidManifest.xml:17:19-67
24
25    <uses-permission android:name="android.permission.ACCESS_COARSE_LOCATION" />
25-->src\main\AndroidManifest.xml:19:5-81
25-->src\main\AndroidManifest.xml:19:22-78
26    <uses-permission android:name="android.permission.ACCESS_FINE_LOCATION" /> <!-- IMSDK 权限 -->
26-->src\main\AndroidManifest.xml:20:5-79
26-->src\main\AndroidManifest.xml:20:22-76
27    <uses-permission android:name="android.permission.CHANGE_NETWORK_STATE" />
27-->src\main\AndroidManifest.xml:21:5-79
27-->src\main\AndroidManifest.xml:21:22-76
28    <uses-permission android:name="android.permission.GET_TASKS" />
28-->src\main\AndroidManifest.xml:22:5-68
28-->src\main\AndroidManifest.xml:22:22-65
29    <uses-permission android:name="android.permission.MODIFY_AUDIO_SETTINGS" />
29-->src\main\AndroidManifest.xml:23:5-80
29-->src\main\AndroidManifest.xml:23:22-77
30    <uses-permission android:name="android.permission.RECEIVE_BOOT_COMPLETED" />
30-->src\main\AndroidManifest.xml:24:5-81
30-->src\main\AndroidManifest.xml:24:22-78
31    <uses-permission android:name="android.permission.VIBRATE" />
31-->src\main\AndroidManifest.xml:25:5-66
31-->src\main\AndroidManifest.xml:25:22-63
32    <uses-permission android:name="android.permission.WAKE_LOCK" />
32-->src\main\AndroidManifest.xml:26:5-68
32-->src\main\AndroidManifest.xml:26:22-65
33    <uses-permission android:name="android.permission.SYSTEM_ALERT_WINDOW" /> <!-- <uses-permission android:name="android.permission.SET_DEBUG_APP" /> -->
33-->src\main\AndroidManifest.xml:27:5-78
33-->src\main\AndroidManifest.xml:27:22-75
34    <uses-permission android:name="android.permission.GET_ACCOUNTS" />
34-->src\main\AndroidManifest.xml:28:5-71
34-->src\main\AndroidManifest.xml:28:22-68
35    <uses-permission android:name="android.permission.USE_CREDENTIALS" />
35-->src\main\AndroidManifest.xml:29:5-74
35-->src\main\AndroidManifest.xml:29:22-71
36    <uses-permission android:name="android.permission.MANAGE_ACCOUNTS" />
36-->src\main\AndroidManifest.xml:30:5-74
36-->src\main\AndroidManifest.xml:30:22-71
37    <uses-permission android:name="android.permission.BLUETOOTH" />
37-->src\main\AndroidManifest.xml:31:5-68
37-->src\main\AndroidManifest.xml:31:22-65
38    <uses-permission android:name="android.permission.MOUNT_UNMOUNT_FILESYSTEMS" />
38-->[com.lzy.net:okgo:3.0.4] AndroidManifest.xml:29:5-84
38-->[com.lzy.net:okgo:3.0.4] AndroidManifest.xml:29:22-81
39
40    <supports-screens
40-->[:alipaySdk-15.7.4-20200228192259:] AndroidManifest.xml:11:5-16:39
41        android:anyDensity="true"
41-->[:alipaySdk-15.7.4-20200228192259:] AndroidManifest.xml:12:9-34
42        android:largeScreens="true"
42-->[:alipaySdk-15.7.4-20200228192259:] AndroidManifest.xml:13:9-36
43        android:normalScreens="true"
43-->[:alipaySdk-15.7.4-20200228192259:] AndroidManifest.xml:14:9-37
44        android:resizeable="true"
44-->[:alipaySdk-15.7.4-20200228192259:] AndroidManifest.xml:15:9-34
45        android:smallScreens="true" />
45-->[:alipaySdk-15.7.4-20200228192259:] AndroidManifest.xml:16:9-36
46
47    <application
47-->src\main\AndroidManifest.xml:33:5-155:19
48        android:name="com.yiheoline.qcloud.xiaozhibo.TCApplication"
48-->src\main\AndroidManifest.xml:34:9-68
49        android:allowBackup="true"
49-->src\main\AndroidManifest.xml:35:9-35
50        android:appComponentFactory="androidx.core.app.CoreComponentFactory"
50-->[androidx.core:core:1.3.1] AndroidManifest.xml:24:18-86
51        android:debuggable="true"
52        android:icon="@mipmap/logo"
52-->src\main\AndroidManifest.xml:36:9-36
53        android:label="@string/app_name"
53-->src\main\AndroidManifest.xml:37:9-41
54        android:largeHeap="true"
54-->src\main\AndroidManifest.xml:38:9-33
55        android:resizeableActivity="true"
55-->src\main\AndroidManifest.xml:39:9-42
56        android:supportsRtl="true"
56-->[com.tencent.liteavsdk:LiteAVSDK_Smart:8.2.9808] AndroidManifest.xml:31:9-35
57        android:testOnly="true"
58        android:theme="@style/AppTheme"
58-->src\main\AndroidManifest.xml:40:9-40
59        android:usesCleartextTraffic="true" >
59-->[com.tencent.liteavsdk:LiteAVSDK_Smart:8.2.9808] AndroidManifest.xml:32:9-44
60        <activity android:name="com.yiheoline.qcloud.xiaozhibo.video.VideoRecordActivity" />
60-->src\main\AndroidManifest.xml:41:9-102
60-->src\main\AndroidManifest.xml:41:19-90
61        <activity android:name="com.yiheoline.qcloud.xiaozhibo.homepage.BuyResultActivity" />
61-->src\main\AndroidManifest.xml:42:9-94
61-->src\main\AndroidManifest.xml:42:19-91
62        <activity android:name="com.yiheoline.qcloud.xiaozhibo.homepage.ConfirmOrderActivity" />
62-->src\main\AndroidManifest.xml:43:9-97
62-->src\main\AndroidManifest.xml:43:19-94
63        <activity android:name="com.yiheoline.qcloud.xiaozhibo.homepage.SearchActivity" />
63-->src\main\AndroidManifest.xml:44:9-91
63-->src\main\AndroidManifest.xml:44:19-88
64        <activity android:name="com.yiheoline.qcloud.xiaozhibo.video.VideoSearchActivity" />
64-->src\main\AndroidManifest.xml:45:9-93
64-->src\main\AndroidManifest.xml:45:19-90
65        <activity android:name="com.yiheoline.qcloud.xiaozhibo.homepage.NoticeDetailActivity" />
65-->src\main\AndroidManifest.xml:46:9-97
65-->src\main\AndroidManifest.xml:46:19-94
66        <activity android:name="com.yiheoline.qcloud.xiaozhibo.homepage.ShowerPlayStartActivity" />
66-->src\main\AndroidManifest.xml:47:9-100
66-->src\main\AndroidManifest.xml:47:19-97
67        <activity android:name="com.yiheoline.qcloud.xiaozhibo.homepage.ApplyShowActivity" />
67-->src\main\AndroidManifest.xml:48:9-94
67-->src\main\AndroidManifest.xml:48:19-91
68        <activity android:name="com.yiheoline.qcloud.xiaozhibo.homepage.ShowSettingActivity" />
68-->src\main\AndroidManifest.xml:49:9-96
68-->src\main\AndroidManifest.xml:49:19-93
69        <activity
69-->src\main\AndroidManifest.xml:50:9-60:20
70            android:name="com.yiheoline.qcloud.xiaozhibo.main.splash.TCSplashActivity"
70-->src\main\AndroidManifest.xml:51:13-87
71            android:launchMode="singleTop"
71-->src\main\AndroidManifest.xml:52:13-43
72            android:screenOrientation="portrait"
72-->src\main\AndroidManifest.xml:53:13-49
73            android:theme="@style/SplashTheme" >
73-->src\main\AndroidManifest.xml:54:13-47
74            <intent-filter>
74-->src\main\AndroidManifest.xml:55:13-59:29
75                <action android:name="android.intent.action.MAIN" />
75-->src\main\AndroidManifest.xml:56:17-69
75-->src\main\AndroidManifest.xml:56:25-66
76
77                <category android:name="android.intent.category.LAUNCHER" />
77-->src\main\AndroidManifest.xml:58:17-77
77-->src\main\AndroidManifest.xml:58:27-74
78            </intent-filter>
79        </activity>
80        <activity
80-->src\main\AndroidManifest.xml:61:9-64:49
81            android:name="com.yiheoline.qcloud.xiaozhibo.login.TCLoginActivity"
81-->src\main\AndroidManifest.xml:62:13-80
82            android:screenOrientation="portrait"
82-->src\main\AndroidManifest.xml:63:13-49
83            android:theme="@style/LoginTheme" />
83-->src\main\AndroidManifest.xml:64:13-46
84        <activity
84-->src\main\AndroidManifest.xml:65:9-68:52
85            android:name="com.yiheoline.qcloud.xiaozhibo.login.TCRegisterActivity"
85-->src\main\AndroidManifest.xml:66:13-83
86            android:screenOrientation="portrait"
86-->src\main\AndroidManifest.xml:67:13-49
87            android:theme="@style/RegisterTheme" />
87-->src\main\AndroidManifest.xml:68:13-49
88        <activity
88-->src\main\AndroidManifest.xml:69:9-72:52
89            android:name="com.yiheoline.qcloud.xiaozhibo.main.TCMainActivity"
89-->src\main\AndroidManifest.xml:70:13-78
90            android:launchMode="singleTask"
90-->src\main\AndroidManifest.xml:71:13-44
91            android:screenOrientation="portrait" />
91-->src\main\AndroidManifest.xml:72:13-49
92        <activity
92-->src\main\AndroidManifest.xml:73:9-75:52
93            android:name="com.yiheoline.qcloud.xiaozhibo.anchor.prepare.TCAnchorPrepareActivity"
93-->src\main\AndroidManifest.xml:74:13-97
94            android:screenOrientation="portrait" />
94-->src\main\AndroidManifest.xml:75:13-49
95        <activity
95-->src\main\AndroidManifest.xml:76:9-80:59
96            android:name="com.yiheoline.qcloud.xiaozhibo.audience.TCAudienceActivity"
96-->src\main\AndroidManifest.xml:77:13-86
97            android:screenOrientation="portrait"
97-->src\main\AndroidManifest.xml:78:13-49
98            android:theme="@style/PlayerTheme"
98-->src\main\AndroidManifest.xml:79:13-47
99            android:windowSoftInputMode="adjustNothing" />
99-->src\main\AndroidManifest.xml:80:13-56
100        <activity
100-->src\main\AndroidManifest.xml:81:9-85:59
101            android:name="com.yiheoline.qcloud.xiaozhibo.playback.TCPlaybackActivity"
101-->src\main\AndroidManifest.xml:82:13-86
102            android:screenOrientation="portrait"
102-->src\main\AndroidManifest.xml:83:13-49
103            android:theme="@style/PlayerTheme"
103-->src\main\AndroidManifest.xml:84:13-47
104            android:windowSoftInputMode="adjustNothing" />
104-->src\main\AndroidManifest.xml:85:13-56
105        <activity
105-->src\main\AndroidManifest.xml:86:9-89:59
106            android:name="com.yiheoline.qcloud.xiaozhibo.anchor.TCCameraAnchorActivity"
106-->src\main\AndroidManifest.xml:87:13-88
107            android:screenOrientation="portrait"
107-->src\main\AndroidManifest.xml:88:13-49
108            android:windowSoftInputMode="adjustNothing" />
108-->src\main\AndroidManifest.xml:89:13-56
109        <activity
109-->src\main\AndroidManifest.xml:90:9-94:52
110            android:name="com.yiheoline.qcloud.xiaozhibo.video.VideoDetailActivity"
110-->src\main\AndroidManifest.xml:91:13-84
111            android:configChanges="keyboard|keyboardHidden|orientation|screenSize|screenLayout|smallestScreenSize|uiMode"
111-->src\main\AndroidManifest.xml:92:13-122
112            android:launchMode="singleTask"
112-->src\main\AndroidManifest.xml:93:13-44
113            android:screenOrientation="portrait" />
113-->src\main\AndroidManifest.xml:94:13-49
114        <activity
114-->src\main\AndroidManifest.xml:95:9-105:20
115            android:name="com.yiheoline.qcloud.xiaozhibo.anchor.screen.TCScreenAnchorActivity"
115-->src\main\AndroidManifest.xml:96:13-95
116            android:configChanges="orientation|keyboardHidden|screenSize"
116-->src\main\AndroidManifest.xml:97:13-74
117            android:launchMode="singleTask"
117-->src\main\AndroidManifest.xml:98:13-44
118            android:screenOrientation="portrait"
118-->src\main\AndroidManifest.xml:99:13-49
119            android:theme="@style/RecordActivityTheme"
119-->src\main\AndroidManifest.xml:100:13-55
120            android:windowSoftInputMode="adjustNothing" >
120-->src\main\AndroidManifest.xml:101:13-56
121            <intent-filter>
121-->src\main\AndroidManifest.xml:102:13-104:29
122                <category android:name="android.intent.category.DEFAULT" />
122-->src\main\AndroidManifest.xml:103:17-76
122-->src\main\AndroidManifest.xml:103:27-73
123            </intent-filter>
124        </activity>
125
126        <service
126-->src\main\AndroidManifest.xml:107:9-110:40
127            android:name="com.yiheoline.qcloud.xiaozhibo.anchor.screen.TCScreenRecordService"
127-->src\main\AndroidManifest.xml:108:13-94
128            android:enabled="true"
128-->src\main\AndroidManifest.xml:109:13-35
129            android:exported="false" />
129-->src\main\AndroidManifest.xml:110:13-37
130
131        <activity
131-->src\main\AndroidManifest.xml:112:9-114:52
132            android:name="com.yiheoline.qcloud.xiaozhibo.profile.TCEditUseInfoActivity"
132-->src\main\AndroidManifest.xml:113:13-88
133            android:screenOrientation="portrait" />
133-->src\main\AndroidManifest.xml:114:13-49
134        <activity
134-->src\main\AndroidManifest.xml:115:9-117:64
135            android:name="com.tencent.rtmp.video.TXScreenCapture$TXScreenCaptureAssistantActivity"
135-->src\main\AndroidManifest.xml:116:13-99
136            android:theme="@android:style/Theme.Translucent" />
136-->src\main\AndroidManifest.xml:117:13-61
137
138        <provider
138-->src\main\AndroidManifest.xml:119:9-127:20
139            android:name="androidx.core.content.FileProvider"
139-->src\main\AndroidManifest.xml:120:13-62
140            android:authorities="com.tencent.qcloud.xiaozhibo.fileprovider"
140-->src\main\AndroidManifest.xml:121:13-76
141            android:exported="false"
141-->src\main\AndroidManifest.xml:122:13-37
142            android:grantUriPermissions="true" >
142-->src\main\AndroidManifest.xml:123:13-47
143            <meta-data
143-->src\main\AndroidManifest.xml:124:13-126:53
144                android:name="android.support.FILE_PROVIDER_PATHS"
144-->src\main\AndroidManifest.xml:125:17-67
145                android:resource="@xml/filepaths" />
145-->src\main\AndroidManifest.xml:126:17-50
146        </provider>
147
148        <uses-library
148-->src\main\AndroidManifest.xml:129:9-131:40
149            android:name="com.google.android.maps"
149-->src\main\AndroidManifest.xml:130:13-51
150            android:required="false" />
150-->src\main\AndroidManifest.xml:131:13-37
151        <uses-library android:name="android.test.runner" />
151-->src\main\AndroidManifest.xml:132:9-60
151-->src\main\AndroidManifest.xml:132:23-57
152
153        <service
153-->src\main\AndroidManifest.xml:134:9-136:42
154            android:name="com.tencent.imsdk.session.remote.SessionService"
154-->src\main\AndroidManifest.xml:135:13-75
155            android:process=":network" />
155-->src\main\AndroidManifest.xml:136:13-39
156        <service
156-->src\main\AndroidManifest.xml:137:9-139:42
157            android:name="com.tencent.imsdk.session.remote.AssistService"
157-->src\main\AndroidManifest.xml:138:13-74
158            android:process=":network" />
158-->src\main\AndroidManifest.xml:139:13-39
159        <service
159-->src\main\AndroidManifest.xml:140:9-143:42
160            android:name="com.tencent.imsdk.session.remote.KeepAliveJobService"
160-->src\main\AndroidManifest.xml:141:13-80
161            android:permission="android.permission.BIND_JOB_SERVICE"
161-->src\main\AndroidManifest.xml:142:13-69
162            android:process=":network" />
162-->src\main\AndroidManifest.xml:143:13-39
163
164        <receiver android:name="com.tencent.imsdk.session.SessionBroadcastReceiver" >
164-->src\main\AndroidManifest.xml:145:9-152:20
164-->src\main\AndroidManifest.xml:145:19-84
165            <intent-filter>
165-->src\main\AndroidManifest.xml:146:13-151:29
166                <action android:name="com.tencent.imsdk.session.boot" />
166-->src\main\AndroidManifest.xml:147:17-73
166-->src\main\AndroidManifest.xml:147:25-70
167                <action android:name="android.intent.action.BOOT_COMPLETED" />
167-->src\main\AndroidManifest.xml:148:17-79
167-->src\main\AndroidManifest.xml:148:25-76
168                <action android:name="android.net.conn.CONNECTIVITY_CHANGE" />
168-->src\main\AndroidManifest.xml:149:17-79
168-->src\main\AndroidManifest.xml:149:25-76
169                <action android:name="com.tencent.qcloud.qal.TASK_REMOVED" />
169-->src\main\AndroidManifest.xml:150:17-78
169-->src\main\AndroidManifest.xml:150:25-75
170            </intent-filter>
171        </receiver>
172
173        <activity android:name="com.yiheoline.qcloud.xiaozhibo.login.LoginActivity" />
173-->src\main\AndroidManifest.xml:154:9-87
173-->src\main\AndroidManifest.xml:154:19-84
174        <activity
174-->[com.github.xiaoyuanhu.boxing:boxing-impl:1.0.4.1] AndroidManifest.xml:28:9-33:20
175            android:name="com.bilibili.boxing_impl.ui.BoxingActivity"
175-->[com.github.xiaoyuanhu.boxing:boxing-impl:1.0.4.1] AndroidManifest.xml:29:13-70
176            android:launchMode="singleTop"
176-->[com.github.xiaoyuanhu.boxing:boxing-impl:1.0.4.1] AndroidManifest.xml:30:13-43
177            android:screenOrientation="portrait"
177-->[com.github.xiaoyuanhu.boxing:boxing-impl:1.0.4.1] AndroidManifest.xml:31:13-49
178            android:theme="@style/Boxing.AppTheme.NoActionBar" >
178-->[com.github.xiaoyuanhu.boxing:boxing-impl:1.0.4.1] AndroidManifest.xml:32:13-63
179        </activity>
180        <activity
180-->[com.github.xiaoyuanhu.boxing:boxing-impl:1.0.4.1] AndroidManifest.xml:34:9-39:20
181            android:name="com.bilibili.boxing_impl.ui.BoxingViewActivity"
181-->[com.github.xiaoyuanhu.boxing:boxing-impl:1.0.4.1] AndroidManifest.xml:35:13-74
182            android:launchMode="singleTop"
182-->[com.github.xiaoyuanhu.boxing:boxing-impl:1.0.4.1] AndroidManifest.xml:36:13-43
183            android:screenOrientation="portrait"
183-->[com.github.xiaoyuanhu.boxing:boxing-impl:1.0.4.1] AndroidManifest.xml:37:13-49
184            android:theme="@style/Boxing.AppTheme.NoActionBar" >
184-->[com.github.xiaoyuanhu.boxing:boxing-impl:1.0.4.1] AndroidManifest.xml:38:13-63
185        </activity>
186        <activity
186-->[com.github.xiaoyuanhu.boxing:boxing-impl:1.0.4.1] AndroidManifest.xml:40:9-43:66
187            android:name="com.bilibili.boxing_impl.ui.BoxingBottomSheetActivity"
187-->[com.github.xiaoyuanhu.boxing:boxing-impl:1.0.4.1] AndroidManifest.xml:41:13-81
188            android:screenOrientation="portrait"
188-->[com.github.xiaoyuanhu.boxing:boxing-impl:1.0.4.1] AndroidManifest.xml:42:13-49
189            android:theme="@style/Boxing.AppTheme.NoActionBar" />
189-->[com.github.xiaoyuanhu.boxing:boxing-impl:1.0.4.1] AndroidManifest.xml:43:13-63
190
191        <uses-library
191-->[:alipaySdk-15.7.4-20200228192259:] AndroidManifest.xml:23:9-25:40
192            android:name="org.apache.http.legacy"
192-->[:alipaySdk-15.7.4-20200228192259:] AndroidManifest.xml:24:13-50
193            android:required="false" />
193-->[:alipaySdk-15.7.4-20200228192259:] AndroidManifest.xml:25:13-37
194
195        <activity
195-->[:alipaySdk-15.7.4-20200228192259:] AndroidManifest.xml:27:9-31:20
196            android:name="com.alipay.sdk.app.H5PayActivity"
196-->[:alipaySdk-15.7.4-20200228192259:] AndroidManifest.xml:28:13-60
197            android:configChanges="orientation|keyboardHidden|navigation|screenSize"
197-->[:alipaySdk-15.7.4-20200228192259:] AndroidManifest.xml:29:13-85
198            android:exported="false" >
198-->[:alipaySdk-15.7.4-20200228192259:] AndroidManifest.xml:30:13-37
199        </activity>
200        <activity
200-->[:alipaySdk-15.7.4-20200228192259:] AndroidManifest.xml:32:9-36:20
201            android:name="com.alipay.sdk.app.H5AuthActivity"
201-->[:alipaySdk-15.7.4-20200228192259:] AndroidManifest.xml:33:13-61
202            android:configChanges="orientation|keyboardHidden|navigation|screenSize"
202-->[:alipaySdk-15.7.4-20200228192259:] AndroidManifest.xml:34:13-85
203            android:exported="false" >
203-->[:alipaySdk-15.7.4-20200228192259:] AndroidManifest.xml:35:13-37
204        </activity>
205        <activity
205-->[:alipaySdk-15.7.4-20200228192259:] AndroidManifest.xml:37:9-46:20
206            android:name="com.alipay.sdk.app.PayResultActivity"
206-->[:alipaySdk-15.7.4-20200228192259:] AndroidManifest.xml:38:13-64
207            android:configChanges="orientation|keyboardHidden|navigation|screenSize"
207-->[:alipaySdk-15.7.4-20200228192259:] AndroidManifest.xml:39:13-85
208            android:exported="true"
208-->[:alipaySdk-15.7.4-20200228192259:] AndroidManifest.xml:40:13-36
209            android:launchMode="singleInstance"
209-->[:alipaySdk-15.7.4-20200228192259:] AndroidManifest.xml:41:13-48
210            android:theme="@android:style/Theme.Translucent.NoTitleBar" >
210-->[:alipaySdk-15.7.4-20200228192259:] AndroidManifest.xml:42:13-72
211            <intent-filter>
211-->src\main\AndroidManifest.xml:102:13-104:29
212                <category android:name="android.intent.category.DEFAULT" />
212-->src\main\AndroidManifest.xml:103:17-76
212-->src\main\AndroidManifest.xml:103:27-73
213            </intent-filter>
214        </activity>
215        <activity
215-->[:alipaySdk-15.7.4-20200228192259:] AndroidManifest.xml:47:9-52:20
216            android:name="com.alipay.sdk.app.AlipayResultActivity"
216-->[:alipaySdk-15.7.4-20200228192259:] AndroidManifest.xml:48:13-67
217            android:exported="true"
217-->[:alipaySdk-15.7.4-20200228192259:] AndroidManifest.xml:49:13-36
218            android:launchMode="singleTask"
218-->[:alipaySdk-15.7.4-20200228192259:] AndroidManifest.xml:50:13-44
219            android:theme="@android:style/Theme.Translucent.NoTitleBar" >
219-->[:alipaySdk-15.7.4-20200228192259:] AndroidManifest.xml:51:13-72
220        </activity>
221        <activity
221-->[:alipaySdk-15.7.4-20200228192259:] AndroidManifest.xml:53:9-59:20
222            android:name="com.alipay.sdk.app.H5OpenAuthActivity"
222-->[:alipaySdk-15.7.4-20200228192259:] AndroidManifest.xml:54:13-65
223            android:configChanges="orientation|keyboardHidden|navigation|screenSize"
223-->[:alipaySdk-15.7.4-20200228192259:] AndroidManifest.xml:55:13-85
224            android:exported="false"
224-->[:alipaySdk-15.7.4-20200228192259:] AndroidManifest.xml:56:13-37
225            android:screenOrientation="behind"
225-->[:alipaySdk-15.7.4-20200228192259:] AndroidManifest.xml:57:13-47
226            android:windowSoftInputMode="adjustResize|stateHidden" >
226-->[:alipaySdk-15.7.4-20200228192259:] AndroidManifest.xml:58:13-67
227        </activity>
228    </application>
229
230</manifest>